c:\users\bálint\desktop\02_shaders\02_shaders\debug\vc141.pdb
c:\users\bálint\desktop\02_shaders\02_shaders\debug\vc141.idb
c:\users\bálint\desktop\02_shaders\02_shaders\debug\myapp.obj
c:\users\bálint\desktop\02_shaders\02_shaders\debug\imgui_impl_sdl_gl3.obj
c:\users\bálint\desktop\02_shaders\02_shaders\debug\imgui.obj
c:\users\bálint\desktop\02_shaders\02_shaders\debug\vc140.pdb
c:\users\bálint\desktop\02_shaders\02_shaders\debug\vc140.idb
c:\users\bálint\desktop\02_shaders\02_shaders\debug\main.obj
c:\users\bálint\desktop\02_shaders\02_shaders\debug\imgui_draw.obj
c:\users\bálint\desktop\02_shaders\02_shaders\debug\imgui_demo.obj
c:\users\bálint\desktop\02_shaders\debug\02_shaders.pdb
c:\users\bálint\desktop\02_shaders\02_shaders\debug\02_shaders.tlog\cl.command.1.tlog
c:\users\bálint\desktop\02_shaders\02_shaders\debug\02_shaders.tlog\cl.read.1.tlog
c:\users\bálint\desktop\02_shaders\02_shaders\debug\02_shaders.tlog\cl.write.1.tlog
c:\users\bálint\desktop\02_shaders\02_shaders\debug\02_shaders.tlog\link-cvtres.read.1.tlog
c:\users\bálint\desktop\02_shaders\02_shaders\debug\02_shaders.tlog\link-cvtres.write.1.tlog
c:\users\bálint\desktop\02_shaders\02_shaders\debug\02_shaders.tlog\link-rc.read.1.tlog
c:\users\bálint\desktop\02_shaders\02_shaders\debug\02_shaders.tlog\link-rc.write.1.tlog
c:\users\bálint\desktop\02_shaders\02_shaders\debug\02_shaders.tlog\link.11860-cvtres.read.1.tlog
c:\users\bálint\desktop\02_shaders\02_shaders\debug\02_shaders.tlog\link.11860-cvtres.write.1.tlog
c:\users\bálint\desktop\02_shaders\02_shaders\debug\02_shaders.tlog\link.11860-rc.read.1.tlog
c:\users\bálint\desktop\02_shaders\02_shaders\debug\02_shaders.tlog\link.11860-rc.write.1.tlog
c:\users\bálint\desktop\02_shaders\02_shaders\debug\02_shaders.tlog\link.11860.read.1.tlog
c:\users\bálint\desktop\02_shaders\02_shaders\debug\02_shaders.tlog\link.11860.write.1.tlog
c:\users\bálint\desktop\02_shaders\02_shaders\debug\02_shaders.tlog\link.command.1.tlog
c:\users\bálint\desktop\02_shaders\02_shaders\debug\02_shaders.tlog\link.read.1.tlog
c:\users\bálint\desktop\02_shaders\02_shaders\debug\02_shaders.tlog\link.write.1.tlog
